<?xml version="1.0" encoding="UTF-8" standalone="yes"?><!DOCTYPE report PUBLIC "-//JACOCO//DTD Report 1.1//EN" "report.dtd"><report name="manualsuite"><sessioninfo id="razeen-X540LA-46de112e" start="1615310300702" dump="1615310301878"/><sessioninfo id="razeen-X540LA-f1000a9f" start="1615313453054" dump="1615313457731"/><sessioninfo id="razeen-X540LA-58144f43" start="1615313638912" dump="1615313643336"/><sessioninfo id="razeen-X540LA-cffad737" start="1616008643432" dump="1616008644868"/><sessioninfo id="razeen-X540LA-9b68e1a" start="1616345628804" dump="1616345631150"/><sessioninfo id="razeen-X540LA-b1a9afc9" start="1616347333411" dump="1616347335163"/><sessioninfo id="razeen-X540LA-bdeac5c9" start="1616347951171" dump="1616347953220"/><sessioninfo id="razeen-X540LA-8c7371c3" start="1616406575202" dump="1616406577066"/><sessioninfo id="razeen-X540LA-952bdd24" start="1616406675797" dump="1616406677097"/><package name="com/bf1/manualsuite"><class name="com/bf1/manualsuite/TrieSET$Node" sourcefilename="TrieSET.java"><method name="&lt;init&gt;" desc="()V" line="46"><counter type="INSTRUCTION" missed="0" covered="7"/><counter type="LINE" missed="0" covered="2"/><counter type="COMPLEXITY" missed="0" covered="1"/><counter type="METHOD" missed="0" covered="1"/></method><counter type="INSTRUCTION" missed="0" covered="7"/><counter type="LINE" missed="0" covered="2"/><counter type="COMPLEXITY" missed="0" covered="1"/><counter type="METHOD" missed="0" covered="1"/><counter type="CLASS" missed="0" covered="1"/></class><class name="com/bf1/manualsuite/Strman" sourcefilename="Strman.java"><method name="append" desc="(Ljava/lang/String;[Ljava/lang/String;)Ljava/lang/String;" line="61"><counter type="INSTRUCTION" missed="0" covered="4"/><counter type="LINE" missed="0" covered="1"/><counter type="COMPLEXITY" missed="0" covered="1"/><counter type="METHOD" missed="0" covered="1"/></method><method name="appendArray" desc="(Ljava/lang/String;[Ljava/lang/String;)Ljava/lang/String;" line="72"><counter type="INSTRUCTION" missed="0" covered="41"/><counter type="BRANCH" missed="1" covered="5"/><counter type="LINE" missed="0" covered="7"/><counter type="COMPLEXITY" missed="1" covered="3"/><counter type="METHOD" missed="0" covered="1"/></method><method name="at" desc="(Ljava/lang/String;I)Ljava/util/Optional;" line="93"><counter type="INSTRUCTION" missed="2" covered="25"/><counter type="BRANCH" missed="2" covered="6"/><counter type="LINE" missed="1" covered="5"/><counter type="COMPLEXITY" missed="2" covered="3"/><counter type="METHOD" missed="0" covered="1"/></method><method name="between" desc="(Ljava/lang/String;Ljava/lang/String;Ljava/lang/String;)[Ljava/lang/String;" line="113"><counter type="INSTRUCTION" missed="0" covered="28"/><counter type="LINE" missed="0" covered="8"/><counter type="COMPLEXITY" missed="0" covered="1"/><counter type="METHOD" missed="0" covered="1"/></method><method name="chars" desc="(Ljava/lang/String;)[Ljava/lang/String;" line="131"><counter type="INSTRUCTION" missed="0" covered="8"/><counter type="LINE" missed="0" covered="2"/><counter type="COMPLEXITY" missed="0" covered="1"/><counter type="METHOD" missed="0" covered="1"/></method><method name="collapseWhitespace" desc="(Ljava/lang/String;)Ljava/lang/String;" line="142"><counter type="INSTRUCTION" missed="0" covered="10"/><counter type="LINE" missed="0" covered="2"/><counter type="COMPLEXITY" missed="0" covered="1"/><counter type="METHOD" missed="0" covered="1"/></method><method name="contains" desc="(Ljava/lang/String;Ljava/lang/String;)Z" line="154"><counter type="INSTRUCTION" missed="0" covered="5"/><counter type="LINE" missed="0" covered="1"/><counter type="COMPLEXITY" missed="0" covered="1"/><counter type="METHOD" missed="0" covered="1"/></method><method name="contains" desc="(Ljava/lang/String;Ljava/lang/String;Z)Z" line="166"><counter type="INSTRUCTION" missed="4" covered="12"/><counter type="BRANCH" missed="1" covered="1"/><counter type="LINE" missed="1" covered="3"/><counter type="COMPLEXITY" missed="1" covered="1"/><counter type="METHOD" missed="0" covered="1"/></method><method name="containsAll" desc="(Ljava/lang/String;[Ljava/lang/String;)Z" line="181"><counter type="INSTRUCTION" missed="0" covered="10"/><counter type="LINE" missed="0" covered="2"/><counter type="COMPLEXITY" missed="0" covered="1"/><counter type="METHOD" missed="0" covered="1"/></method><method name="containsAll" desc="(Ljava/lang/String;[Ljava/lang/String;Z)Z" line="194"><counter type="INSTRUCTION" missed="0" covered="11"/><counter type="LINE" missed="0" covered="2"/><counter type="COMPLEXITY" missed="0" covered="1"/><counter type="METHOD" missed="0" covered="1"/></method><method name="containsAny" desc="(Ljava/lang/String;[Ljava/lang/String;)Z" line="206"><counter type="INSTRUCTION" missed="0" covered="5"/><counter type="LINE" missed="0" covered="1"/><counter type="COMPLEXITY" missed="0" covered="1"/><counter type="METHOD" missed="0" covered="1"/></method><method name="containsAny" desc="(Ljava/lang/String;[Ljava/lang/String;Z)Z" line="218"><counter type="INSTRUCTION" missed="0" covered="11"/><counter type="LINE" missed="0" covered="2"/><counter type="COMPLEXITY" missed="0" covered="1"/><counter type="METHOD" missed="0" covered="1"/></method><method name="countSubstr" desc="(Ljava/lang/String;Ljava/lang/String;)J" line="230"><counter type="INSTRUCTION" missed="0" covered="6"/><counter type="LINE" missed="0" covered="1"/><counter type="COMPLEXITY" missed="0" covered="1"/><counter type="METHOD" missed="0" covered="1"/></method><method name="countSubstr" desc="(Ljava/lang/String;Ljava/lang/String;ZZ)J" line="244"><counter type="INSTRUCTION" missed="0" covered="20"/><counter type="BRANCH" missed="0" covered="4"/><counter type="LINE" missed="0" covered="2"/><counter type="COMPLEXITY" missed="0" covered="3"/><counter type="METHOD" missed="0" covered="1"/></method><method name="endsWith" desc="(Ljava/lang/String;Ljava/lang/String;)Z" line="257"><counter type="INSTRUCTION" missed="0" covered="11"/><counter type="LINE" missed="0" covered="2"/><counter type="COMPLEXITY" missed="0" covered="1"/><counter type="METHOD" missed="0" covered="1"/></method><method name="endsWith" desc="(Ljava/lang/String;Ljava/lang/String;Z)Z" line="270"><counter type="INSTRUCTION" missed="0" covered="11"/><counter type="LINE" missed="0" covered="2"/><counter type="COMPLEXITY" missed="0" covered="1"/><counter type="METHOD" missed="0" covered="1"/></method><method name="endsWith" desc="(Ljava/lang/String;Ljava/lang/String;IZ)Z" line="285"><counter type="INSTRUCTION" missed="1" covered="32"/><counter type="BRANCH" missed="1" covered="5"/><counter type="LINE" missed="0" covered="5"/><counter type="COMPLEXITY" missed="1" covered="3"/><counter type="METHOD" missed="0" covered="1"/></method><method name="ensureLeft" desc="(Ljava/lang/String;Ljava/lang/String;)Ljava/lang/String;" line="301"><counter type="INSTRUCTION" missed="0" covered="5"/><counter type="LINE" missed="0" covered="1"/><counter type="COMPLEXITY" missed="0" covered="1"/><counter type="METHOD" missed="0" covered="1"/></method><method name="ensureLeft" desc="(Ljava/lang/String;Ljava/lang/String;Z)Ljava/lang/String;" line="313"><counter type="INSTRUCTION" missed="16" covered="16"/><counter type="BRANCH" missed="3" covered="3"/><counter type="LINE" missed="3" covered="3"/><counter type="COMPLEXITY" missed="2" covered="2"/><counter type="METHOD" missed="0" covered="1"/></method><method name="base64Decode" desc="(Ljava/lang/String;)Ljava/lang/String;" line="329"><counter type="INSTRUCTION" missed="0" covered="12"/><counter type="LINE" missed="0" covered="2"/><counter type="COMPLEXITY" missed="0" covered="1"/><counter type="METHOD" missed="0" covered="1"/></method><method name="base64Encode" desc="(Ljava/lang/String;)Ljava/lang/String;" line="340"><counter type="INSTRUCTION" missed="0" covered="10"/><counter type="LINE" missed="0" covered="2"/><counter type="COMPLEXITY" missed="0" covered="1"/><counter type="METHOD" missed="0" covered="1"/></method><method name="binDecode" desc="(Ljava/lang/String;)Ljava/lang/String;" line="351"><counter type="INSTRUCTION" missed="0" covered="5"/><counter type="LINE" missed="0" covered="1"/><counter type="COMPLEXITY" missed="0" covered="1"/><counter type="METHOD" missed="0" covered="1"/></method><method name="binEncode" desc="(Ljava/lang/String;)Ljava/lang/String;" line="361"><counter type="INSTRUCTION" missed="0" covered="5"/><counter type="LINE" missed="0" covered="1"/><counter type="COMPLEXITY" missed="0" covered="1"/><counter type="METHOD" missed="0" covered="1"/></method><method name="decDecode" desc="(Ljava/lang/String;)Ljava/lang/String;" line="371"><counter type="INSTRUCTION" missed="0" covered="5"/><counter type="LINE" missed="0" covered="1"/><counter type="COMPLEXITY" missed="0" covered="1"/><counter type="METHOD" missed="0" covered="1"/></method><method name="decEncode" desc="(Ljava/lang/String;)Ljava/lang/String;" line="381"><counter type="INSTRUCTION" missed="0" covered="5"/><counter type="LINE" missed="0" covered="1"/><counter type="COMPLEXITY" missed="0" covered="1"/><counter type="METHOD" missed="0" covered="1"/></method><method name="ensureRight" desc="(Ljava/lang/String;Ljava/lang/String;)Ljava/lang/String;" line="392"><counter type="INSTRUCTION" missed="0" covered="5"/><counter type="LINE" missed="0" covered="1"/><counter type="COMPLEXITY" missed="0" covered="1"/><counter type="METHOD" missed="0" covered="1"/></method><method name="ensureRight" desc="(Ljava/lang/String;Ljava/lang/String;Z)Ljava/lang/String;" line="404"><counter type="INSTRUCTION" missed="0" covered="20"/><counter type="BRANCH" missed="0" covered="2"/><counter type="LINE" missed="0" covered="2"/><counter type="COMPLEXITY" missed="0" covered="2"/><counter type="METHOD" missed="0" covered="1"/></method><method name="first" desc="(Ljava/lang/String;I)Ljava/util/Optional;" line="416"><counter type="INSTRUCTION" missed="0" covered="8"/><counter type="LINE" missed="0" covered="1"/><counter type="COMPLEXITY" missed="0" covered="1"/><counter type="METHOD" missed="0" covered="1"/></method><method name="head" desc="(Ljava/lang/String;)Ljava/util/Optional;" line="426"><counter type="INSTRUCTION" missed="0" covered="4"/><counter type="LINE" missed="0" covered="1"/><counter type="COMPLEXITY" missed="0" covered="1"/><counter type="METHOD" missed="0" covered="1"/></method><method name="format" desc="(Ljava/lang/String;[Ljava/lang/String;)Ljava/lang/String;" line="437"><counter type="INSTRUCTION" missed="45" covered="0"/><counter type="BRANCH" missed="6" covered="0"/><counter type="LINE" missed="11" covered="0"/><counter type="COMPLEXITY" missed="4" covered="0"/><counter type="METHOD" missed="1" covered="0"/></method><method name="hexDecode" desc="(Ljava/lang/String;)Ljava/lang/String;" line="458"><counter type="INSTRUCTION" missed="0" covered="5"/><counter type="LINE" missed="0" covered="1"/><counter type="COMPLEXITY" missed="0" covered="1"/><counter type="METHOD" missed="0" covered="1"/></method><method name="hexEncode" desc="(Ljava/lang/String;)Ljava/lang/String;" line="468"><counter type="INSTRUCTION" missed="0" covered="5"/><counter type="LINE" missed="0" covered="1"/><counter type="COMPLEXITY" missed="0" covered="1"/><counter type="METHOD" missed="0" covered="1"/></method><method name="indexOf" desc="(Ljava/lang/String;Ljava/lang/String;IZ)I" line="482"><counter type="INSTRUCTION" missed="5" covered="13"/><counter type="BRANCH" missed="1" covered="1"/><counter type="LINE" missed="1" covered="3"/><counter type="COMPLEXITY" missed="1" covered="1"/><counter type="METHOD" missed="0" covered="1"/></method><method name="unequal" desc="(Ljava/lang/String;Ljava/lang/String;)Z" line="497"><counter type="INSTRUCTION" missed="0" covered="8"/><counter type="BRANCH" missed="0" covered="2"/><counter type="LINE" missed="0" covered="1"/><counter type="COMPLEXITY" missed="0" covered="2"/><counter type="METHOD" missed="0" covered="1"/></method><method name="inequal" desc="(Ljava/lang/String;Ljava/lang/String;)Z" line="509"><counter type="INSTRUCTION" missed="0" covered="8"/><counter type="BRANCH" missed="0" covered="2"/><counter type="LINE" missed="0" covered="1"/><counter type="COMPLEXITY" missed="0" covered="2"/><counter type="METHOD" missed="0" covered="1"/></method><method name="insert" desc="(Ljava/lang/String;Ljava/lang/String;I)Ljava/lang/String;" line="521"><counter type="INSTRUCTION" missed="2" covered="30"/><counter type="BRANCH" missed="1" covered="1"/><counter type="LINE" missed="1" covered="4"/><counter type="COMPLEXITY" missed="1" covered="1"/><counter type="METHOD" missed="0" covered="1"/></method><method name="isUpperCase" desc="(Ljava/lang/String;)Z" line="536"><counter type="INSTRUCTION" missed="0" covered="21"/><counter type="BRANCH" missed="0" covered="4"/><counter type="LINE" missed="0" covered="5"/><counter type="COMPLEXITY" missed="0" covered="3"/><counter type="METHOD" missed="0" covered="1"/></method><method name="isLowerCase" desc="(Ljava/lang/String;)Z" line="552"><counter type="INSTRUCTION" missed="0" covered="21"/><counter type="BRANCH" missed="0" covered="4"/><counter type="LINE" missed="0" covered="5"/><counter type="COMPLEXITY" missed="0" covered="3"/><counter type="METHOD" missed="0" covered="1"/></method><method name="last" desc="(Ljava/lang/String;I)Ljava/lang/String;" line="569"><counter type="INSTRUCTION" missed="2" covered="15"/><counter type="BRANCH" missed="1" covered="1"/><counter type="LINE" missed="1" covered="3"/><counter type="COMPLEXITY" missed="1" covered="1"/><counter type="METHOD" missed="0" covered="1"/></method><method name="leftPad" desc="(Ljava/lang/String;Ljava/lang/String;I)Ljava/lang/String;" line="585"><counter type="INSTRUCTION" missed="2" covered="26"/><counter type="BRANCH" missed="1" covered="1"/><counter type="LINE" missed="1" covered="4"/><counter type="COMPLEXITY" missed="1" covered="1"/><counter type="METHOD" missed="0" covered="1"/></method><method name="isString" desc="(Ljava/lang/Object;)Z" line="600"><counter type="INSTRUCTION" missed="5" covered="6"/><counter type="BRANCH" missed="1" covered="1"/><counter type="LINE" missed="1" covered="2"/><counter type="COMPLEXITY" missed="1" covered="1"/><counter type="METHOD" missed="0" covered="1"/></method><method name="lastIndexOf" desc="(Ljava/lang/String;Ljava/lang/String;)I" line="615"><counter type="INSTRUCTION" missed="0" covered="11"/><counter type="LINE" missed="0" covered="2"/><counter type="COMPLEXITY" missed="0" covered="1"/><counter type="METHOD" missed="0" covered="1"/></method><method name="lastIndexOf" desc="(Ljava/lang/String;Ljava/lang/String;Z)I" line="629"><counter type="INSTRUCTION" missed="0" covered="11"/><counter type="LINE" missed="0" covered="2"/><counter type="COMPLEXITY" missed="0" covered="1"/><counter type="METHOD" missed="0" covered="1"/></method><method name="lastIndexOf" desc="(Ljava/lang/String;Ljava/lang/String;IZ)I" line="645"><counter type="INSTRUCTION" missed="0" covered="22"/><counter type="BRANCH" missed="0" covered="2"/><counter type="LINE" missed="0" covered="5"/><counter type="COMPLEXITY" missed="0" covered="2"/><counter type="METHOD" missed="0" covered="1"/></method><method name="leftTrim" desc="(Ljava/lang/String;)Ljava/lang/String;" line="660"><counter type="INSTRUCTION" missed="0" covered="9"/><counter type="LINE" missed="0" covered="2"/><counter type="COMPLEXITY" missed="0" covered="1"/><counter type="METHOD" missed="0" covered="1"/></method><method name="length" desc="(Ljava/lang/String;)I" line="671"><counter type="INSTRUCTION" missed="0" covered="7"/><counter type="LINE" missed="0" covered="2"/><counter type="COMPLEXITY" missed="0" covered="1"/><counter type="METHOD" missed="0" covered="1"/></method><method name="prepend" desc="(Ljava/lang/String;[Ljava/lang/String;)Ljava/lang/String;" line="683"><counter type="INSTRUCTION" missed="0" covered="4"/><counter type="LINE" missed="0" covered="1"/><counter type="COMPLEXITY" missed="0" covered="1"/><counter type="METHOD" missed="0" covered="1"/></method><method name="prependArray" desc="(Ljava/lang/String;[Ljava/lang/String;)Ljava/lang/String;" line="694"><counter type="INSTRUCTION" missed="2" covered="39"/><counter type="BRANCH" missed="2" covered="4"/><counter type="LINE" missed="1" covered="6"/><counter type="COMPLEXITY" missed="2" covered="2"/><counter type="METHOD" missed="0" covered="1"/></method><method name="removeEmptyStrings" desc="([Ljava/lang/String;)[Ljava/lang/String;" line="712"><counter type="INSTRUCTION" missed="5" covered="11"/><counter type="BRANCH" missed="1" covered="1"/><counter type="LINE" missed="1" covered="2"/><counter type="COMPLEXITY" missed="1" covered="1"/><counter type="METHOD" missed="0" covered="1"/></method><method name="removeLeft" desc="(Ljava/lang/String;Ljava/lang/String;)Ljava/lang/String;" line="726"><counter type="INSTRUCTION" missed="0" covered="5"/><counter type="LINE" missed="0" covered="1"/><counter type="COMPLEXITY" missed="0" covered="1"/><counter type="METHOD" missed="0" covered="1"/></method><method name="removeLeft" desc="(Ljava/lang/String;Ljava/lang/String;Z)Ljava/lang/String;" line="738"><counter type="INSTRUCTION" missed="2" covered="32"/><counter type="BRANCH" missed="2" covered="4"/><counter type="LINE" missed="0" covered="5"/><counter type="COMPLEXITY" missed="2" covered="2"/><counter type="METHOD" missed="0" covered="1"/></method><method name="removeNonWords" desc="(Ljava/lang/String;)Ljava/lang/String;" line="753"><counter type="INSTRUCTION" missed="0" covered="9"/><counter type="LINE" missed="0" covered="2"/><counter type="COMPLEXITY" missed="0" covered="1"/><counter type="METHOD" missed="0" covered="1"/></method><method name="removeRight" desc="(Ljava/lang/String;Ljava/lang/String;)Ljava/lang/String;" line="765"><counter type="INSTRUCTION" missed="0" covered="5"/><counter type="LINE" missed="0" covered="1"/><counter type="COMPLEXITY" missed="0" covered="1"/><counter type="METHOD" missed="0" covered="1"/></method><method name="removeRight" desc="(Ljava/lang/String;Ljava/lang/String;Z)Ljava/lang/String;" line="777"><counter type="INSTRUCTION" missed="1" covered="23"/><counter type="BRANCH" missed="1" covered="1"/><counter type="LINE" missed="0" covered="4"/><counter type="COMPLEXITY" missed="1" covered="1"/><counter type="METHOD" missed="0" covered="1"/></method><method name="removeSpaces" desc="(Ljava/lang/String;)Ljava/lang/String;" line="790"><counter type="INSTRUCTION" missed="0" covered="9"/><counter type="LINE" missed="0" covered="2"/><counter type="COMPLEXITY" missed="0" covered="1"/><counter type="METHOD" missed="0" covered="1"/></method><method name="repeat" desc="(Ljava/lang/String;I)Ljava/lang/String;" line="802"><counter type="INSTRUCTION" missed="0" covered="14"/><counter type="LINE" missed="0" covered="2"/><counter type="COMPLEXITY" missed="0" covered="1"/><counter type="METHOD" missed="0" covered="1"/></method><method name="replace" desc="(Ljava/lang/String;Ljava/lang/String;Ljava/lang/String;Z)Ljava/lang/String;" line="817"><counter type="INSTRUCTION" missed="9" covered="15"/><counter type="BRANCH" missed="1" covered="1"/><counter type="LINE" missed="2" covered="4"/><counter type="COMPLEXITY" missed="1" covered="1"/><counter type="METHOD" missed="0" covered="1"/></method><method name="reverse" desc="(Ljava/lang/String;)Ljava/lang/String;" line="833"><counter type="INSTRUCTION" missed="0" covered="11"/><counter type="LINE" missed="0" covered="2"/><counter type="COMPLEXITY" missed="0" covered="1"/><counter type="METHOD" missed="0" covered="1"/></method><method name="rightPad" desc="(Ljava/lang/String;Ljava/lang/String;I)Ljava/lang/String;" line="846"><counter type="INSTRUCTION" missed="2" covered="22"/><counter type="BRANCH" missed="1" covered="1"/><counter type="LINE" missed="1" covered="3"/><counter type="COMPLEXITY" missed="1" covered="1"/><counter type="METHOD" missed="0" covered="1"/></method><method name="rightTrim" desc="(Ljava/lang/String;)Ljava/lang/String;" line="860"><counter type="INSTRUCTION" missed="0" covered="9"/><counter type="LINE" missed="0" covered="2"/><counter type="COMPLEXITY" missed="0" covered="1"/><counter type="METHOD" missed="0" covered="1"/></method><method name="safeTruncate" desc="(Ljava/lang/String;ILjava/lang/String;)Ljava/lang/String;" line="873"><counter type="INSTRUCTION" missed="4" covered="64"/><counter type="BRANCH" missed="3" covered="5"/><counter type="LINE" missed="2" covered="12"/><counter type="COMPLEXITY" missed="3" covered="2"/><counter type="METHOD" missed="0" covered="1"/></method><method name="split" desc="(Ljava/lang/String;Ljava/lang/String;)[Ljava/lang/String;" line="903"><counter type="INSTRUCTION" missed="0" covered="8"/><counter type="LINE" missed="0" covered="2"/><counter type="COMPLEXITY" missed="0" covered="1"/><counter type="METHOD" missed="0" covered="1"/></method><method name="words" desc="(Ljava/lang/String;)[Ljava/lang/String;" line="914"><counter type="INSTRUCTION" missed="0" covered="4"/><counter type="LINE" missed="0" covered="1"/><counter type="COMPLEXITY" missed="0" covered="1"/><counter type="METHOD" missed="0" covered="1"/></method><method name="words" desc="(Ljava/lang/String;Ljava/lang/String;)[Ljava/lang/String;" line="925"><counter type="INSTRUCTION" missed="0" covered="8"/><counter type="LINE" missed="0" covered="2"/><counter type="COMPLEXITY" missed="0" covered="1"/><counter type="METHOD" missed="0" covered="1"/></method><method name="truncate" desc="(Ljava/lang/String;ILjava/lang/String;)Ljava/lang/String;" line="939"><counter type="INSTRUCTION" missed="4" covered="25"/><counter type="BRANCH" missed="2" covered="2"/><counter type="LINE" missed="2" covered="4"/><counter type="COMPLEXITY" missed="2" covered="1"/><counter type="METHOD" missed="0" covered="1"/></method><method name="htmlDecode" desc="(Ljava/lang/String;)Ljava/lang/String;" line="956"><counter type="INSTRUCTION" missed="0" covered="16"/><counter type="LINE" missed="0" covered="3"/><counter type="COMPLEXITY" missed="0" covered="1"/><counter type="METHOD" missed="0" covered="1"/></method><method name="htmlEncode" desc="(Ljava/lang/String;)Ljava/lang/String;" line="968"><counter type="INSTRUCTION" missed="0" covered="18"/><counter type="LINE" missed="0" covered="3"/><counter type="COMPLEXITY" missed="0" covered="1"/><counter type="METHOD" missed="0" covered="1"/></method><method name="shuffle" desc="(Ljava/lang/String;)Ljava/lang/String;" line="980"><counter type="INSTRUCTION" missed="0" covered="44"/><counter type="BRANCH" missed="0" covered="2"/><counter type="LINE" missed="0" covered="9"/><counter type="COMPLEXITY" missed="0" covered="2"/><counter type="METHOD" missed="0" covered="1"/></method><method name="slice" desc="(Ljava/lang/String;II)Ljava/lang/String;" line="1001"><counter type="INSTRUCTION" missed="0" covered="9"/><counter type="LINE" missed="0" covered="2"/><counter type="COMPLEXITY" missed="0" covered="1"/><counter type="METHOD" missed="0" covered="1"/></method><method name="slugify" desc="(Ljava/lang/String;)Ljava/lang/String;" line="1012"><counter type="INSTRUCTION" missed="0" covered="22"/><counter type="LINE" missed="0" covered="3"/><counter type="COMPLEXITY" missed="0" covered="1"/><counter type="METHOD" missed="0" covered="1"/></method><method name="transliterate" desc="(Ljava/lang/String;)Ljava/lang/String;" line="1024"><counter type="INSTRUCTION" missed="0" covered="42"/><counter type="BRANCH" missed="0" covered="4"/><counter type="LINE" missed="0" covered="9"/><counter type="COMPLEXITY" missed="0" covered="3"/><counter type="METHOD" missed="0" covered="1"/></method><method name="surround" desc="(Ljava/lang/String;Ljava/lang/String;Ljava/lang/String;)Ljava/lang/String;" line="1044"><counter type="INSTRUCTION" missed="0" covered="27"/><counter type="LINE" missed="0" covered="3"/><counter type="COMPLEXITY" missed="0" covered="1"/><counter type="METHOD" missed="0" covered="1"/></method><method name="toCamelCase" desc="(Ljava/lang/String;)Ljava/lang/String;" line="1056"><counter type="INSTRUCTION" missed="0" covered="20"/><counter type="BRANCH" missed="1" covered="3"/><counter type="LINE" missed="0" covered="4"/><counter type="COMPLEXITY" missed="1" covered="2"/><counter type="METHOD" missed="0" covered="1"/></method><method name="toStudlyCase" desc="(Ljava/lang/String;)Ljava/lang/String;" line="1070"><counter type="INSTRUCTION" missed="0" covered="20"/><counter type="LINE" missed="0" covered="3"/><counter type="COMPLEXITY" missed="0" covered="1"/><counter type="METHOD" missed="0" covered="1"/></method><method name="tail" desc="(Ljava/lang/String;)Ljava/util/Optional;" line="1082"><counter type="INSTRUCTION" missed="0" covered="7"/><counter type="LINE" missed="0" covered="1"/><counter type="COMPLEXITY" missed="0" covered="1"/><counter type="METHOD" missed="0" covered="1"/></method><method name="toDecamelize" desc="(Ljava/lang/String;Ljava/lang/String;)Ljava/lang/String;" line="1093"><counter type="INSTRUCTION" missed="0" covered="20"/><counter type="LINE" missed="0" covered="3"/><counter type="COMPLEXITY" missed="0" covered="1"/><counter type="METHOD" missed="0" covered="1"/></method><method name="toKebabCase" desc="(Ljava/lang/String;)Ljava/lang/String;" line="1105"><counter type="INSTRUCTION" missed="0" covered="4"/><counter type="LINE" missed="0" covered="1"/><counter type="COMPLEXITY" missed="0" covered="1"/><counter type="METHOD" missed="0" covered="1"/></method><method name="toSnakeCase" desc="(Ljava/lang/String;)Ljava/lang/String;" line="1115"><counter type="INSTRUCTION" missed="0" covered="4"/><counter type="LINE" missed="0" covered="1"/><counter type="COMPLEXITY" missed="0" covered="1"/><counter type="METHOD" missed="0" covered="1"/></method><method name="decode" desc="(Ljava/lang/String;II)Ljava/lang/String;" line="1119"><counter type="INSTRUCTION" missed="0" covered="16"/><counter type="LINE" missed="0" covered="4"/><counter type="COMPLEXITY" missed="0" covered="1"/><counter type="METHOD" missed="0" covered="1"/></method><method name="encode" desc="(Ljava/lang/String;II)Ljava/lang/String;" line="1126"><counter type="INSTRUCTION" missed="0" covered="14"/><counter type="LINE" missed="0" covered="2"/><counter type="COMPLEXITY" missed="0" covered="1"/><counter type="METHOD" missed="0" covered="1"/></method><method name="join" desc="([Ljava/lang/String;Ljava/lang/String;)Ljava/lang/String;" line="1138"><counter type="INSTRUCTION" missed="10" covered="32"/><counter type="BRANCH" missed="2" covered="4"/><counter type="LINE" missed="2" covered="6"/><counter type="COMPLEXITY" missed="2" covered="2"/><counter type="METHOD" missed="0" covered="1"/></method><method name="capitalize" desc="(Ljava/lang/String;)Ljava/lang/String;" line="1158"><counter type="INSTRUCTION" missed="5" covered="17"/><counter type="BRANCH" missed="1" covered="3"/><counter type="LINE" missed="1" covered="4"/><counter type="COMPLEXITY" missed="1" covered="2"/><counter type="METHOD" missed="0" covered="1"/></method><method name="lowerFirst" desc="(Ljava/lang/String;)Ljava/lang/String;" line="1174"><counter type="INSTRUCTION" missed="5" covered="17"/><counter type="BRANCH" missed="1" covered="3"/><counter type="LINE" missed="1" covered="4"/><counter type="COMPLEXITY" missed="1" covered="2"/><counter type="METHOD" missed="0" covered="1"/></method><method name="isEnclosedBetween" desc="(Ljava/lang/String;Ljava/lang/String;)Z" line="1192"><counter type="INSTRUCTION" missed="0" covered="5"/><counter type="LINE" missed="0" covered="1"/><counter type="COMPLEXITY" missed="0" covered="1"/><counter type="METHOD" missed="0" covered="1"/></method><method name="isEnclosedBetween" desc="(Ljava/lang/String;Ljava/lang/String;Ljava/lang/String;)Z" line="1204"><counter type="INSTRUCTION" missed="15" covered="18"/><counter type="BRANCH" missed="4" covered="6"/><counter type="LINE" missed="3" covered="4"/><counter type="COMPLEXITY" missed="4" covered="2"/><counter type="METHOD" missed="0" covered="1"/></method><method name="upperFirst" desc="(Ljava/lang/String;)Ljava/lang/String;" line="1223"><counter type="INSTRUCTION" missed="5" covered="12"/><counter type="BRANCH" missed="1" covered="1"/><counter type="LINE" missed="1" covered="2"/><counter type="COMPLEXITY" missed="1" covered="1"/><counter type="METHOD" missed="0" covered="1"/></method><method name="trimStart" desc="(Ljava/lang/String;)Ljava/util/Optional;" line="1236"><counter type="INSTRUCTION" missed="0" covered="7"/><counter type="LINE" missed="0" covered="1"/><counter type="COMPLEXITY" missed="0" covered="1"/><counter type="METHOD" missed="0" covered="1"/></method><method name="trimStart" desc="(Ljava/lang/String;[Ljava/lang/String;)Ljava/util/Optional;" line="1247"><counter type="INSTRUCTION" missed="0" covered="8"/><counter type="LINE" missed="0" covered="1"/><counter type="COMPLEXITY" missed="0" covered="1"/><counter type="METHOD" missed="0" covered="1"/></method><method name="trimEnd" desc="(Ljava/lang/String;)Ljava/util/Optional;" line="1260"><counter type="INSTRUCTION" missed="0" covered="7"/><counter type="LINE" missed="0" covered="1"/><counter type="COMPLEXITY" missed="0" covered="1"/><counter type="METHOD" missed="0" covered="1"/></method><method name="trimEnd" desc="(Ljava/lang/String;[Ljava/lang/String;)Ljava/util/Optional;" line="1271"><counter type="INSTRUCTION" missed="0" covered="8"/><counter type="LINE" missed="0" covered="1"/><counter type="COMPLEXITY" missed="0" covered="1"/><counter type="METHOD" missed="0" covered="1"/></method><method name="charsCount" desc="(Ljava/lang/String;)Ljava/util/Map;" line="1284"><counter type="INSTRUCTION" missed="2" covered="13"/><counter type="BRANCH" missed="1" covered="1"/><counter type="LINE" missed="1" covered="2"/><counter type="COMPLEXITY" missed="1" covered="1"/><counter type="METHOD" missed="0" covered="1"/></method><method name="isBlank" desc="(Ljava/lang/String;)Z" line="1298"><counter type="INSTRUCTION" missed="0" covered="9"/><counter type="BRANCH" missed="0" covered="4"/><counter type="LINE" missed="0" covered="1"/><counter type="COMPLEXITY" missed="0" covered="3"/><counter type="METHOD" missed="0" covered="1"/></method><method name="underscored" desc="(Ljava/lang/String;)Ljava/lang/String;" line="1308"><counter type="INSTRUCTION" missed="0" covered="17"/><counter type="BRANCH" missed="0" covered="4"/><counter type="LINE" missed="0" covered="3"/><counter type="COMPLEXITY" missed="0" covered="3"/><counter type="METHOD" missed="0" covered="1"/></method><method name="zip" desc="([Ljava/lang/String;)Ljava/util/List;" line="1323"><counter type="INSTRUCTION" missed="4" covered="23"/><counter type="BRANCH" missed="2" covered="2"/><counter type="LINE" missed="2" covered="6"/><counter type="COMPLEXITY" missed="2" covered="1"/><counter type="METHOD" missed="0" covered="1"/></method><method name="lines" desc="(Ljava/lang/String;)[Ljava/lang/String;" line="1344"><counter type="INSTRUCTION" missed="2" covered="6"/><counter type="BRANCH" missed="1" covered="1"/><counter type="LINE" missed="1" covered="2"/><counter type="COMPLEXITY" missed="1" covered="1"/><counter type="METHOD" missed="0" covered="1"/></method><method name="dasherize" desc="(Ljava/lang/String;)Ljava/lang/String;" line="1357"><counter type="INSTRUCTION" missed="0" covered="3"/><counter type="LINE" missed="0" covered="1"/><counter type="COMPLEXITY" missed="0" covered="1"/><counter type="METHOD" missed="0" covered="1"/></method><method name="humanize" desc="(Ljava/lang/String;)Ljava/lang/String;" line="1367"><counter type="INSTRUCTION" missed="0" covered="14"/><counter type="BRANCH" missed="0" covered="4"/><counter type="LINE" missed="0" covered="3"/><counter type="COMPLEXITY" missed="0" covered="3"/><counter type="METHOD" missed="0" covered="1"/></method><method name="swapCase" desc="(Ljava/lang/String;)Ljava/lang/String;" line="1380"><counter type="INSTRUCTION" missed="6" covered="39"/><counter type="BRANCH" missed="2" covered="6"/><counter type="LINE" missed="1" covered="7"/><counter type="COMPLEXITY" missed="2" covered="3"/><counter type="METHOD" missed="0" covered="1"/></method><method name="formatNumber" desc="(J)Ljava/lang/String;" line="1401"><counter type="INSTRUCTION" missed="46" covered="0"/><counter type="BRANCH" missed="6" covered="0"/><counter type="LINE" missed="12" covered="0"/><counter type="COMPLEXITY" missed="4" covered="0"/><counter type="METHOD" missed="1" covered="0"/></method><method name="chop" desc="(Ljava/lang/String;I)[Ljava/lang/String;" line="1418"><counter type="INSTRUCTION" missed="11" covered="38"/><counter type="BRANCH" missed="2" covered="6"/><counter type="LINE" missed="1" covered="9"/><counter type="COMPLEXITY" missed="2" covered="3"/><counter type="METHOD" missed="0" covered="1"/></method><method name="startCase" desc="(Ljava/lang/String;)Ljava/lang/String;" line="1440"><counter type="INSTRUCTION" missed="19" covered="0"/><counter type="LINE" missed="4" covered="0"/><counter type="COMPLEXITY" missed="1" covered="0"/><counter type="METHOD" missed="1" covered="0"/></method><method name="escapeRegExp" desc="(Ljava/lang/String;)Ljava/lang/String;" line="1448"><counter type="INSTRUCTION" missed="9" covered="0"/><counter type="LINE" missed="2" covered="0"/><counter type="COMPLEXITY" missed="1" covered="0"/><counter type="METHOD" missed="1" covered="0"/></method><method name="validate" desc="(Ljava/lang/String;Ljava/util/function/Predicate;Ljava/util/function/Supplier;)V" line="1453"><counter type="INSTRUCTION" missed="0" covered="12"/><counter type="BRANCH" missed="0" covered="2"/><counter type="LINE" missed="0" covered="3"/><counter type="COMPLEXITY" missed="0" covered="2"/><counter type="METHOD" missed="0" covered="1"/></method><method name="countSubstr" desc="(Ljava/lang/String;Ljava/lang/String;ZJ)J" line="1459"><counter type="INSTRUCTION" missed="0" covered="33"/><counter type="BRANCH" missed="0" covered="4"/><counter type="LINE" missed="0" covered="7"/><counter type="COMPLEXITY" missed="0" covered="3"/><counter type="METHOD" missed="0" covered="1"/></method><method name="isNullOrEmpty" desc="(Ljava/lang/String;)Z" line="1473"><counter type="INSTRUCTION" missed="2" covered="7"/><counter type="BRANCH" missed="2" covered="2"/><counter type="LINE" missed="0" covered="1"/><counter type="COMPLEXITY" missed="2" covered="1"/><counter type="METHOD" missed="0" covered="1"/></method><method name="lambda$startCase$41" desc="(Ljava/lang/String;)Ljava/lang/String;" line="1444"><counter type="INSTRUCTION" missed="4" covered="0"/><counter type="LINE" missed="1" covered="0"/><counter type="COMPLEXITY" missed="1" covered="0"/><counter type="METHOD" missed="1" covered="0"/></method><method name="lambda$startCase$40" desc="(Ljava/lang/String;)Z" line="1443"><counter type="INSTRUCTION" missed="8" covered="0"/><counter type="BRANCH" missed="2" covered="0"/><counter type="LINE" missed="1" covered="0"/><counter type="COMPLEXITY" missed="2" covered="0"/><counter type="METHOD" missed="1" covered="0"/></method><method name="lambda$chop$39" desc="(I)[Ljava/lang/String;" line="1429"><counter type="INSTRUCTION" missed="0" covered="3"/><counter type="LINE" missed="0" covered="1"/><counter type="COMPLEXITY" missed="0" covered="1"/><counter type="METHOD" missed="0" covered="1"/></method><method name="lambda$chop$38" desc="(Ljava/lang/String;III)Ljava/lang/String;" line="1428"><counter type="INSTRUCTION" missed="0" covered="14"/><counter type="BRANCH" missed="0" covered="2"/><counter type="LINE" missed="0" covered="1"/><counter type="COMPLEXITY" missed="0" covered="2"/><counter type="METHOD" missed="0" covered="1"/></method><method name="lambda$chop$37" desc="(II)I" line="1426"><counter type="INSTRUCTION" missed="0" covered="4"/><counter type="LINE" missed="0" covered="1"/><counter type="COMPLEXITY" missed="0" covered="1"/><counter type="METHOD" missed="0" covered="1"/></method><method name="lambda$zip$36" desc="([Ljava/lang/String;I)Ljava/lang/String;" line="1331"><counter type="INSTRUCTION" missed="0" covered="9"/><counter type="LINE" missed="0" covered="3"/><counter type="COMPLEXITY" missed="0" covered="1"/><counter type="METHOD" missed="0" covered="1"/></method><method name="lambda$zip$35" desc="(ILjava/lang/String;)Ljava/lang/String;" line="1332"><counter type="INSTRUCTION" missed="0" covered="5"/><counter type="LINE" missed="0" covered="1"/><counter type="COMPLEXITY" missed="0" covered="1"/><counter type="METHOD" missed="0" covered="1"/></method><method name="lambda$zip$34" desc="(Ljava/lang/String;)I" line="1326"><counter type="INSTRUCTION" missed="0" covered="7"/><counter type="BRANCH" missed="0" covered="2"/><counter type="LINE" missed="0" covered="1"/><counter type="COMPLEXITY" missed="0" covered="2"/><counter type="METHOD" missed="0" covered="1"/></method><method name="lambda$charsCount$33" desc="(I)Ljava/lang/Character;" line="1288"><counter type="INSTRUCTION" missed="0" covered="4"/><counter type="LINE" missed="0" covered="1"/><counter type="COMPLEXITY" missed="0" covered="1"/><counter type="METHOD" missed="0" covered="1"/></method><method name="lambda$trimEnd$32" desc="([Ljava/lang/String;Ljava/lang/String;)Ljava/lang/String;" line="1272"><counter type="INSTRUCTION" missed="0" covered="16"/><counter type="LINE" missed="0" covered="2"/><counter type="COMPLEXITY" missed="0" covered="1"/><counter type="METHOD" missed="0" covered="1"/></method><method name="lambda$trimEnd$31" desc="(Ljava/lang/String;)Z" line="1271"><counter type="INSTRUCTION" missed="1" covered="6"/><counter type="BRANCH" missed="1" covered="1"/><counter type="LINE" missed="0" covered="1"/><counter type="COMPLEXITY" missed="1" covered="1"/><counter type="METHOD" missed="0" covered="1"/></method><method name="lambda$trimEnd$30" desc="(Ljava/lang/String;)Z" line="1260"><counter type="INSTRUCTION" missed="1" covered="6"/><counter type="BRANCH" missed="1" covered="1"/><counter type="LINE" missed="0" covered="1"/><counter type="COMPLEXITY" missed="1" covered="1"/><counter type="METHOD" missed="0" covered="1"/></method><method name="lambda$trimStart$29" desc="([Ljava/lang/String;Ljava/lang/String;)Ljava/lang/String;" line="1248"><counter type="INSTRUCTION" missed="0" covered="16"/><counter type="LINE" missed="0" covered="2"/><counter type="COMPLEXITY" missed="0" covered="1"/><counter type="METHOD" missed="0" covered="1"/></method><method name="lambda$trimStart$28" desc="(Ljava/lang/String;)Z" line="1247"><counter type="INSTRUCTION" missed="1" covered="6"/><counter type="BRANCH" missed="1" covered="1"/><counter type="LINE" missed="0" covered="1"/><counter type="COMPLEXITY" missed="1" covered="1"/><counter type="METHOD" missed="0" covered="1"/></method><method name="lambda$trimStart$27" desc="(Ljava/lang/String;)Z" line="1236"><counter type="INSTRUCTION" missed="1" covered="6"/><counter type="BRANCH" missed="1" covered="1"/><counter type="LINE" missed="0" covered="1"/><counter type="COMPLEXITY" missed="1" covered="1"/><counter type="METHOD" missed="0" covered="1"/></method><method name="lambda$upperFirst$26" desc="(Ljava/lang/String;Ljava/lang/String;)Ljava/lang/String;" line="1226"><counter type="INSTRUCTION" missed="0" covered="9"/><counter type="LINE" missed="0" covered="1"/><counter type="COMPLEXITY" missed="0" covered="1"/><counter type="METHOD" missed="0" covered="1"/></method><method name="lambda$upperFirst$25" desc="(Ljava/lang/String;Ljava/lang/String;)Ljava/lang/String;" line="1226"><counter type="INSTRUCTION" missed="0" covered="4"/><counter type="LINE" missed="0" covered="1"/><counter type="COMPLEXITY" missed="0" covered="1"/><counter type="METHOD" missed="0" covered="1"/></method><method name="lambda$lowerFirst$24" desc="(Ljava/lang/String;Ljava/lang/String;)Ljava/lang/String;" line="1181"><counter type="INSTRUCTION" missed="0" covered="9"/><counter type="LINE" missed="0" covered="1"/><counter type="COMPLEXITY" missed="0" covered="1"/><counter type="METHOD" missed="0" covered="1"/></method><method name="lambda$lowerFirst$23" desc="(Ljava/lang/String;Ljava/lang/String;)Ljava/lang/String;" line="1181"><counter type="INSTRUCTION" missed="0" covered="4"/><counter type="LINE" missed="0" covered="1"/><counter type="COMPLEXITY" missed="0" covered="1"/><counter type="METHOD" missed="0" covered="1"/></method><method name="lambda$capitalize$22" desc="(Ljava/lang/String;Ljava/lang/String;)Ljava/lang/String;" line="1164"><counter type="INSTRUCTION" missed="0" covered="9"/><counter type="LINE" missed="0" covered="1"/><counter type="COMPLEXITY" missed="0" covered="1"/><counter type="METHOD" missed="0" covered="1"/></method><method name="lambda$capitalize$21" desc="(Ljava/lang/String;Ljava/lang/String;)Ljava/lang/String;" line="1164"><counter type="INSTRUCTION" missed="0" covered="5"/><counter type="LINE" missed="0" covered="1"/><counter type="COMPLEXITY" missed="0" covered="1"/><counter type="METHOD" missed="0" covered="1"/></method><method name="lambda$encode$20" desc="(III)Ljava/lang/String;" line="1127"><counter type="INSTRUCTION" missed="0" covered="7"/><counter type="LINE" missed="0" covered="1"/><counter type="COMPLEXITY" missed="0" covered="1"/><counter type="METHOD" missed="0" covered="1"/></method><method name="lambda$decode$19" desc="(ILjava/lang/String;)Ljava/lang/String;" line="1121"><counter type="INSTRUCTION" missed="0" covered="6"/><counter type="LINE" missed="0" covered="1"/><counter type="COMPLEXITY" missed="0" covered="1"/><counter type="METHOD" missed="0" covered="1"/></method><method name="lambda$tail$18" desc="(Ljava/lang/String;)Ljava/lang/String;" line="1082"><counter type="INSTRUCTION" missed="0" covered="7"/><counter type="LINE" missed="0" covered="1"/><counter type="COMPLEXITY" missed="0" covered="1"/><counter type="METHOD" missed="0" covered="1"/></method><method name="lambda$tail$17" desc="(Ljava/lang/String;)Z" line="1082"><counter type="INSTRUCTION" missed="1" covered="6"/><counter type="BRANCH" missed="1" covered="1"/><counter type="LINE" missed="0" covered="1"/><counter type="COMPLEXITY" missed="1" covered="1"/><counter type="METHOD" missed="0" covered="1"/></method><method name="lambda$toStudlyCase$16" desc="(Ljava/lang/String;)Z" line="1072"><counter type="INSTRUCTION" missed="1" covered="7"/><counter type="BRANCH" missed="1" covered="1"/><counter type="LINE" missed="0" covered="1"/><counter type="COMPLEXITY" missed="1" covered="1"/><counter type="METHOD" missed="0" covered="1"/></method><method name="lambda$htmlEncode$15" desc="(I)Ljava/lang/String;" line="969"><counter type="INSTRUCTION" missed="0" covered="12"/><counter type="LINE" missed="0" covered="1"/><counter type="COMPLEXITY" missed="0" covered="1"/><counter type="METHOD" missed="0" covered="1"/></method><method name="lambda$htmlDecode$14" desc="(Ljava/lang/String;)Ljava/lang/String;" line="958"><counter type="INSTRUCTION" missed="0" covered="5"/><counter type="LINE" missed="0" covered="1"/><counter type="COMPLEXITY" missed="0" covered="1"/><counter type="METHOD" missed="0" covered="1"/></method><method name="lambda$repeat$13" desc="(Ljava/lang/String;)Ljava/lang/String;" line="803"><counter type="INSTRUCTION" missed="0" covered="2"/><counter type="LINE" missed="0" covered="1"/><counter type="COMPLEXITY" missed="0" covered="1"/><counter type="METHOD" missed="0" covered="1"/></method><method name="lambda$removeEmptyStrings$12" desc="(I)[Ljava/lang/String;" line="715"><counter type="INSTRUCTION" missed="0" covered="3"/><counter type="LINE" missed="0" covered="1"/><counter type="COMPLEXITY" missed="0" covered="1"/><counter type="METHOD" missed="0" covered="1"/></method><method name="lambda$removeEmptyStrings$11" desc="(Ljava/lang/String;)Z" line="715"><counter type="INSTRUCTION" missed="0" covered="10"/><counter type="BRANCH" missed="1" covered="3"/><counter type="LINE" missed="0" covered="1"/><counter type="COMPLEXITY" missed="1" covered="2"/><counter type="METHOD" missed="0" covered="1"/></method><method name="lambda$first$10" desc="(ILjava/lang/String;)Ljava/lang/String;" line="416"><counter type="INSTRUCTION" missed="0" covered="5"/><counter type="LINE" missed="0" covered="1"/><counter type="COMPLEXITY" missed="0" covered="1"/><counter type="METHOD" missed="0" covered="1"/></method><method name="lambda$first$9" desc="(Ljava/lang/String;)Z" line="416"><counter type="INSTRUCTION" missed="1" covered="6"/><counter type="BRANCH" missed="1" covered="1"/><counter type="LINE" missed="0" covered="1"/><counter type="COMPLEXITY" missed="1" covered="1"/><counter type="METHOD" missed="0" covered="1"/></method><method name="lambda$containsAny$8" desc="(Ljava/lang/String;ZLjava/lang/String;)Z" line="219"><counter type="INSTRUCTION" missed="0" covered="5"/><counter type="LINE" missed="0" covered="1"/><counter type="COMPLEXITY" missed="0" covered="1"/><counter type="METHOD" missed="0" covered="1"/></method><method name="lambda$containsAll$7" desc="(Ljava/lang/String;ZLjava/lang/String;)Z" line="195"><counter type="INSTRUCTION" missed="0" covered="5"/><counter type="LINE" missed="0" covered="1"/><counter type="COMPLEXITY" missed="0" covered="1"/><counter type="METHOD" missed="0" covered="1"/></method><method name="lambda$containsAll$6" desc="(Ljava/lang/String;Ljava/lang/String;)Z" line="182"><counter type="INSTRUCTION" missed="0" covered="5"/><counter type="LINE" missed="0" covered="1"/><counter type="COMPLEXITY" missed="0" covered="1"/><counter type="METHOD" missed="0" covered="1"/></method><method name="lambda$between$5" desc="(I)[Ljava/lang/String;" line="121"><counter type="INSTRUCTION" missed="0" covered="3"/><counter type="LINE" missed="0" covered="1"/><counter type="COMPLEXITY" missed="0" covered="1"/><counter type="METHOD" missed="0" covered="1"/></method><method name="lambda$between$4" desc="(Ljava/lang/String;Ljava/lang/String;)Ljava/lang/String;" line="120"><counter type="INSTRUCTION" missed="0" covered="9"/><counter type="LINE" missed="0" covered="1"/><counter type="COMPLEXITY" missed="0" covered="1"/><counter type="METHOD" missed="0" covered="1"/></method><method name="lambda$between$3" desc="(Ljava/lang/String;Ljava/lang/String;)Z" line="119"><counter type="INSTRUCTION" missed="0" covered="4"/><counter type="LINE" missed="0" covered="1"/><counter type="COMPLEXITY" missed="0" covered="1"/><counter type="METHOD" missed="0" covered="1"/></method><method name="lambda$between$2" desc="()Ljava/lang/String;" line="115"><counter type="INSTRUCTION" missed="2" covered="0"/><counter type="LINE" missed="1" covered="0"/><counter type="COMPLEXITY" missed="1" covered="0"/><counter type="METHOD" missed="1" covered="0"/></method><method name="lambda$between$1" desc="()Ljava/lang/String;" line="114"><counter type="INSTRUCTION" missed="2" covered="0"/><counter type="LINE" missed="1" covered="0"/><counter type="COMPLEXITY" missed="1" covered="0"/><counter type="METHOD" missed="1" covered="0"/></method><method name="lambda$static$0" desc="()Ljava/lang/String;" line="47"><counter type="INSTRUCTION" missed="0" covered="2"/><counter type="LINE" missed="0" covered="1"/><counter type="COMPLEXITY" missed="0" covered="1"/><counter type="METHOD" missed="0" covered="1"/></method><method name="&lt;clinit&gt;" desc="()V" line="46"><counter type="INSTRUCTION" missed="0" covered="8"/><counter type="LINE" missed="0" covered="3"/><counter type="COMPLEXITY" missed="0" covered="1"/><counter type="METHOD" missed="0" covered="1"/></method><counter type="INSTRUCTION" missed="277" covered="1772"/><counter type="BRANCH" missed="68" covered="140"/><counter type="LINE" missed="62" covered="296"/><counter type="COMPLEXITY" missed="68" covered="184"/><counter type="METHOD" missed="8" covered="140"/><counter type="CLASS" missed="0" covered="1"/></class><class name="com/bf1/manualsuite/TrieSET" sourcefilename="TrieSET.java"><method name="&lt;init&gt;" desc="()V" line="54"><counter type="INSTRUCTION" missed="0" covered="3"/><counter type="LINE" missed="0" covered="2"/><counter type="COMPLEXITY" missed="0" covered="1"/><counter type="METHOD" missed="0" covered="1"/></method><method name="contains" desc="(Ljava/lang/String;)Z" line="65"><counter type="INSTRUCTION" missed="0" covered="21"/><counter type="BRANCH" missed="0" covered="4"/><counter type="LINE" missed="0" covered="4"/><counter type="COMPLEXITY" missed="0" covered="3"/><counter type="METHOD" missed="0" covered="1"/></method><method name="get" desc="(Lcom/bf1/manualsuite/TrieSET$Node;Ljava/lang/String;I)Lcom/bf1/manualsuite/TrieSET$Node;" line="72"><counter type="INSTRUCTION" missed="0" covered="25"/><counter type="BRANCH" missed="0" covered="4"/><counter type="LINE" missed="0" covered="4"/><counter type="COMPLEXITY" missed="0" covered="3"/><counter type="METHOD" missed="0" covered="1"/></method><method name="add" desc="(Ljava/lang/String;)V" line="84"><counter type="INSTRUCTION" missed="0" covered="16"/><counter type="BRANCH" missed="0" covered="2"/><counter type="LINE" missed="0" covered="3"/><counter type="COMPLEXITY" missed="0" covered="2"/><counter type="METHOD" missed="0" covered="1"/></method><method name="add" desc="(Lcom/bf1/manualsuite/TrieSET$Node;Ljava/lang/String;I)Lcom/bf1/manualsuite/TrieSET$Node;" line="89"><counter type="INSTRUCTION" missed="0" covered="43"/><counter type="BRANCH" missed="1" covered="5"/><counter type="LINE" missed="0" covered="7"/><counter type="COMPLEXITY" missed="1" covered="3"/><counter type="METHOD" missed="0" covered="1"/></method><method name="size" desc="()I" line="106"><counter type="INSTRUCTION" missed="0" covered="3"/><counter type="LINE" missed="0" covered="1"/><counter type="COMPLEXITY" missed="0" covered="1"/><counter type="METHOD" missed="0" covered="1"/></method><method name="isEmpty" desc="()Z" line="114"><counter type="INSTRUCTION" missed="0" covered="7"/><counter type="BRANCH" missed="0" covered="2"/><counter type="LINE" missed="0" covered="1"/><counter type="COMPLEXITY" missed="0" covered="2"/><counter type="METHOD" missed="0" covered="1"/></method><method name="iterator" desc="()Ljava/util/Iterator;" line="124"><counter type="INSTRUCTION" missed="5" covered="0"/><counter type="LINE" missed="1" covered="0"/><counter type="COMPLEXITY" missed="1" covered="0"/><counter type="METHOD" missed="1" covered="0"/></method><method name="keysWithPrefix" desc="(Ljava/lang/String;)Ljava/lang/Iterable;" line="134"><counter type="INSTRUCTION" missed="0" covered="21"/><counter type="LINE" missed="0" covered="4"/><counter type="COMPLEXITY" missed="0" covered="1"/><counter type="METHOD" missed="0" covered="1"/></method><method name="collect" desc="(Lcom/bf1/manualsuite/TrieSET$Node;Ljava/lang/StringBuilder;Lcom/bf1/manualsuite/Queue;)V" line="141"><counter type="INSTRUCTION" missed="0" covered="41"/><counter type="BRANCH" missed="0" covered="6"/><counter type="LINE" missed="0" covered="7"/><counter type="COMPLEXITY" missed="0" covered="4"/><counter type="METHOD" missed="0" covered="1"/></method><method name="keysThatMatch" desc="(Ljava/lang/String;)Ljava/lang/Iterable;" line="158"><counter type="INSTRUCTION" missed="0" covered="17"/><counter type="LINE" missed="0" covered="4"/><counter type="COMPLEXITY" missed="0" covered="1"/><counter type="METHOD" missed="0" covered="1"/></method><method name="collect" desc="(Lcom/bf1/manualsuite/TrieSET$Node;Ljava/lang/StringBuilder;Ljava/lang/String;Lcom/bf1/manualsuite/Queue;)V" line="165"><counter type="INSTRUCTION" missed="0" covered="82"/><counter type="BRANCH" missed="1" covered="11"/><counter type="LINE" missed="0" covered="16"/><counter type="COMPLEXITY" missed="1" covered="6"/><counter type="METHOD" missed="0" covered="1"/></method><method name="longestPrefixOf" desc="(Ljava/lang/String;)Ljava/lang/String;" line="195"><counter type="INSTRUCTION" missed="2" covered="23"/><counter type="BRANCH" missed="1" covered="3"/><counter type="LINE" missed="0" covered="4"/><counter type="COMPLEXITY" missed="1" covered="2"/><counter type="METHOD" missed="0" covered="1"/></method><method name="longestPrefixOf" desc="(Lcom/bf1/manualsuite/TrieSET$Node;Ljava/lang/String;II)I" line="206"><counter type="INSTRUCTION" missed="2" covered="29"/><counter type="BRANCH" missed="1" covered="5"/><counter type="LINE" missed="0" covered="5"/><counter type="COMPLEXITY" missed="1" covered="3"/><counter type="METHOD" missed="0" covered="1"/></method><method name="delete" desc="(Ljava/lang/String;)V" line="219"><counter type="INSTRUCTION" missed="0" covered="16"/><counter type="BRANCH" missed="0" covered="2"/><counter type="LINE" missed="0" covered="3"/><counter type="COMPLEXITY" missed="0" covered="2"/><counter type="METHOD" missed="0" covered="1"/></method><method name="delete" desc="(Lcom/bf1/manualsuite/TrieSET$Node;Ljava/lang/String;I)Lcom/bf1/manualsuite/TrieSET$Node;" line="224"><counter type="INSTRUCTION" missed="4" covered="56"/><counter type="BRANCH" missed="3" covered="9"/><counter type="LINE" missed="1" covered="10"/><counter type="COMPLEXITY" missed="3" covered="4"/><counter type="METHOD" missed="0" covered="1"/></method><counter type="INSTRUCTION" missed="13" covered="403"/><counter type="BRANCH" missed="7" covered="53"/><counter type="LINE" missed="2" covered="75"/><counter type="COMPLEXITY" missed="8" covered="38"/><counter type="METHOD" missed="1" covered="15"/><counter type="CLASS" missed="0" covered="1"/></class><class name="com/bf1/manualsuite/StringWrite" sourcefilename="StringWrite.java"><method name="&lt;init&gt;" desc="()V" line="10"><counter type="INSTRUCTION" missed="0" covered="12"/><counter type="LINE" missed="0" covered="4"/><counter type="COMPLEXITY" missed="0" covered="1"/><counter type="METHOD" missed="0" covered="1"/></method><method name="&lt;init&gt;" desc="(I)V" line="15"><counter type="INSTRUCTION" missed="5" covered="15"/><counter type="BRANCH" missed="1" covered="1"/><counter type="LINE" missed="1" covered="5"/><counter type="COMPLEXITY" missed="1" covered="1"/><counter type="METHOD" missed="0" covered="1"/></method><method name="write" desc="(I)V" line="25"><counter type="INSTRUCTION" missed="0" covered="7"/><counter type="LINE" missed="0" covered="2"/><counter type="COMPLEXITY" missed="0" covered="1"/><counter type="METHOD" missed="0" covered="1"/></method><method name="write" desc="([CII)V" line="29"><counter type="INSTRUCTION" missed="0" covered="33"/><counter type="BRANCH" missed="3" covered="9"/><counter type="LINE" missed="0" covered="5"/><counter type="COMPLEXITY" missed="3" covered="4"/><counter type="METHOD" missed="0" covered="1"/></method><method name="write" desc="(Ljava/lang/String;)V" line="39"><counter type="INSTRUCTION" missed="0" covered="6"/><counter type="LINE" missed="0" covered="2"/><counter type="COMPLEXITY" missed="0" covered="1"/><counter type="METHOD" missed="0" covered="1"/></method><method name="write" desc="(Ljava/lang/String;II)V" line="43"><counter type="INSTRUCTION" missed="0" covered="10"/><counter type="LINE" missed="0" covered="2"/><counter type="COMPLEXITY" missed="0" covered="1"/><counter type="METHOD" missed="0" covered="1"/></method><method name="append" desc="(Ljava/lang/CharSequence;)Lcom/bf1/manualsuite/StringWrite;" line="47"><counter type="INSTRUCTION" missed="0" covered="6"/><counter type="LINE" missed="0" covered="2"/><counter type="COMPLEXITY" missed="0" covered="1"/><counter type="METHOD" missed="0" covered="1"/></method><method name="append" desc="(Ljava/lang/CharSequence;II)Lcom/bf1/manualsuite/StringWrite;" line="52"><counter type="INSTRUCTION" missed="0" covered="11"/><counter type="BRANCH" missed="0" covered="2"/><counter type="LINE" missed="0" covered="3"/><counter type="COMPLEXITY" missed="0" covered="2"/><counter type="METHOD" missed="0" covered="1"/></method><method name="append" desc="(C)Lcom/bf1/manualsuite/StringWrite;" line="60"><counter type="INSTRUCTION" missed="0" covered="5"/><counter type="LINE" missed="0" covered="2"/><counter type="COMPLEXITY" missed="0" covered="1"/><counter type="METHOD" missed="0" covered="1"/></method><method name="toString" desc="()Ljava/lang/String;" line="65"><counter type="INSTRUCTION" missed="0" covered="4"/><counter type="LINE" missed="0" covered="1"/><counter type="COMPLEXITY" missed="0" covered="1"/><counter type="METHOD" missed="0" covered="1"/></method><method name="getBuffer" desc="()Ljava/lang/StringBuffer;" line="69"><counter type="INSTRUCTION" missed="0" covered="3"/><counter type="LINE" missed="0" covered="1"/><counter type="COMPLEXITY" missed="0" covered="1"/><counter type="METHOD" missed="0" covered="1"/></method><method name="flush" desc="()V" line="73"><counter type="INSTRUCTION" missed="0" covered="1"/><counter type="LINE" missed="0" covered="1"/><counter type="COMPLEXITY" missed="0" covered="1"/><counter type="METHOD" missed="0" covered="1"/></method><method name="close" desc="()V" line="76"><counter type="INSTRUCTION" missed="0" covered="1"/><counter type="LINE" missed="0" covered="1"/><counter type="COMPLEXITY" missed="0" covered="1"/><counter type="METHOD" missed="0" covered="1"/></method><counter type="INSTRUCTION" missed="5" covered="114"/><counter type="BRANCH" missed="4" covered="12"/><counter type="LINE" missed="1" covered="31"/><counter type="COMPLEXITY" missed="4" covered="17"/><counter type="METHOD" missed="0" covered="13"/><counter type="CLASS" missed="0" covered="1"/></class><sourcefile name="TrieSET.java"><line nr="46" mi="0" ci="2" mb="0" cb="0"/><line nr="47" mi="0" ci="5" mb="0" cb="0"/><line nr="54" mi="0" ci="2" mb="0" cb="0"/><line nr="55" mi="0" ci="1" mb="0" cb="0"/><line nr="65" mi="0" ci="7" mb="0" cb="2"/><line nr="66" mi="0" ci="7" mb="0" cb="0"/><line nr="67" mi="0" ci="4" mb="0" cb="2"/><line nr="68" mi="0" ci="3" mb="0" cb="0"/><line nr="72" mi="0" ci="4" mb="0" cb="2"/><line nr="73" mi="0" ci="6" mb="0" cb="2"/><line nr="74" mi="0" ci="4" mb="0" cb="0"/><line nr="75" mi="0" ci="11" mb="0" cb="0"/><line nr="84" mi="0" ci="7" mb="0" cb="2"/><line nr="85" mi="0" ci="8" mb="0" cb="0"/><line nr="86" mi="0" ci="1" mb="0" cb="0"/><line nr="89" mi="0" ci="6" mb="0" cb="2"/><line nr="90" mi="0" ci="4" mb="0" cb="2"/><line nr="91" mi="0" ci="9" mb="1" cb="1"/><line nr="92" mi="0" ci="4" mb="0" cb="0"/><line nr="95" mi="0" ci="4" mb="0" cb="0"/><line nr="96" mi="0" ci="14" mb="0" cb="0"/><line nr="98" mi="0" ci="2" mb="0" cb="0"/><line nr="106" mi="0" ci="3" mb="0" cb="0"/><line nr="114" mi="0" ci="7" mb="0" cb="2"/><line nr="124" mi="5" ci="0" mb="0" cb="0"/><line nr="134" mi="0" ci="4" mb="0" cb="0"/><line nr="135" mi="0" ci="7" mb="0" cb="0"/><line nr="136" mi="0" ci="8" mb="0" cb="0"/><line nr="137" mi="0" ci="2" mb="0" cb="0"/><line nr="141" mi="0" ci="3" mb="0" cb="2"/><line nr="142" mi="0" ci="7" mb="0" cb="2"/><line nr="143" mi="0" ci="11" mb="0" cb="2"/><line nr="144" mi="0" ci="4" mb="0" cb="0"/><line nr="145" mi="0" ci="8" mb="0" cb="0"/><line nr="146" mi="0" ci="7" mb="0" cb="0"/><line nr="148" mi="0" ci="1" mb="0" cb="0"/><line nr="158" mi="0" ci="4" mb="0" cb="0"/><line nr="159" mi="0" ci="4" mb="0" cb="0"/><line nr="160" mi="0" ci="7" mb="0" cb="0"/><line nr="161" mi="0" ci="2" mb="0" cb="0"/><line nr="165" mi="0" ci="3" mb="0" cb="2"/><line nr="166" mi="0" ci="3" mb="0" cb="0"/><line nr="167" mi="0" ci="7" mb="1" cb="3"/><line nr="168" mi="0" ci="4" mb="0" cb="0"/><line nr="169" mi="0" ci="4" mb="0" cb="2"/><line nr="170" mi="0" ci="1" mb="0" cb="0"/><line nr="171" mi="0" ci="4" mb="0" cb="0"/><line nr="172" mi="0" ci="3" mb="0" cb="2"/><line nr="173" mi="0" ci="12" mb="0" cb="2"/><line nr="174" mi="0" ci="4" mb="0" cb="0"/><line nr="175" mi="0" ci="9" mb="0" cb="0"/><line nr="176" mi="0" ci="7" mb="0" cb="0"/><line nr="180" mi="0" ci="4" mb="0" cb="0"/><line nr="181" mi="0" ci="9" mb="0" cb="0"/><line nr="182" mi="0" ci="7" mb="0" cb="0"/><line nr="184" mi="0" ci="1" mb="0" cb="0"/><line nr="195" mi="0" ci="7" mb="0" cb="2"/><line nr="196" mi="0" ci="8" mb="0" cb="0"/><line nr="197" mi="2" ci="3" mb="1" cb="1"/><line nr="198" mi="0" ci="5" mb="0" cb="0"/><line nr="206" mi="0" ci="4" mb="0" cb="2"/><line nr="207" mi="0" ci="5" mb="0" cb="2"/><line nr="208" mi="2" ci="4" mb="1" cb="1"/><line nr="209" mi="0" ci="4" mb="0" cb="0"/><line nr="210" mi="0" ci="12" mb="0" cb="0"/><line nr="219" mi="0" ci="7" mb="0" cb="2"/><line nr="220" mi="0" ci="8" mb="0" cb="0"/><line nr="221" mi="0" ci="1" mb="0" cb="0"/><line nr="224" mi="0" ci="4" mb="0" cb="2"/><line nr="225" mi="0" ci="4" mb="0" cb="2"/><line nr="226" mi="0" ci="9" mb="1" cb="1"/><line nr="227" mi="0" ci="4" mb="0" cb="0"/><line nr="230" mi="0" ci="4" mb="0" cb="0"/><line nr="231" mi="0" ci="14" mb="0" cb="0"/><line nr="235" mi="2" ci="3" mb="1" cb="1"/><line nr="236" mi="0" ci="7" mb="0" cb="2"/><line nr="237" mi="0" ci="5" mb="1" cb="1"/><line nr="238" mi="2" ci="0" mb="0" cb="0"/><line nr="239" mi="0" ci="2" mb="0" cb="0"/><counter type="INSTRUCTION" missed="13" covered="410"/><counter type="BRANCH" missed="7" covered="53"/><counter type="LINE" missed="2" covered="77"/><counter type="COMPLEXITY" missed="8" covered="39"/><counter type="METHOD" missed="1" covered="16"/><counter type="CLASS" missed="0" covered="2"/></sourcefile><sourcefile name="Strman.java"><line nr="46" mi="0" ci="2" mb="0" cb="0"/><line nr="47" mi="0" ci="4" mb="0" cb="0"/><line nr="48" mi="0" ci="4" mb="0" cb="0"/><line nr="61" mi="0" ci="4" mb="0" cb="0"/><line nr="72" mi="0" ci="4" mb="0" cb="0"/><line nr="73" mi="0" ci="5" mb="1" cb="3"/><line nr="74" mi="0" ci="2" mb="0" cb="0"/><line nr="76" mi="0" ci="5" mb="0" cb="0"/><line nr="77" mi="0" ci="16" mb="0" cb="2"/><line nr="78" mi="0" ci="4" mb="0" cb="0"/><line nr="80" mi="0" ci="5" mb="0" cb="0"/><line nr="93" mi="0" ci="3" mb="1" cb="1"/><line nr="94" mi="2" ci="0" mb="0" cb="0"/><line nr="96" mi="0" ci="3" mb="0" cb="0"/><line nr="97" mi="0" ci="2" mb="0" cb="2"/><line nr="98" mi="0" ci="4" mb="0" cb="0"/><line nr="100" mi="0" ci="13" mb="1" cb="3"/><line nr="113" mi="0" ci="4" mb="0" cb="0"/><line nr="114" mi="2" ci="4" mb="0" cb="0"/><line nr="115" mi="2" ci="4" mb="0" cb="0"/><line nr="117" mi="0" ci="4" mb="0" cb="0"/><line nr="118" mi="0" ci="5" mb="0" cb="0"/><line nr="119" mi="0" ci="7" mb="0" cb="0"/><line nr="120" mi="0" ci="11" mb="0" cb="0"/><line nr="121" mi="0" ci="5" mb="0" cb="0"/><line nr="131" mi="0" ci="4" mb="0" cb="0"/><line nr="132" mi="0" ci="4" mb="0" cb="0"/><line nr="142" mi="0" ci="4" mb="0" cb="0"/><line nr="143" mi="0" ci="6" mb="0" cb="0"/><line nr="154" mi="0" ci="5" mb="0" cb="0"/><line nr="166" mi="0" ci="4" mb="0" cb="0"/><line nr="167" mi="0" ci="2" mb="1" cb="1"/><line nr="168" mi="4" ci="0" mb="0" cb="0"/><line nr="170" mi="0" ci="6" mb="0" cb="0"/><line nr="181" mi="0" ci="4" mb="0" cb="0"/><line nr="182" mi="0" ci="11" mb="0" cb="0"/><line nr="194" mi="0" ci="4" mb="0" cb="0"/><line nr="195" mi="0" ci="12" mb="0" cb="0"/><line nr="206" mi="0" ci="5" mb="0" cb="0"/><line nr="218" mi="0" ci="4" mb="0" cb="0"/><line nr="219" mi="0" ci="12" mb="0" cb="0"/><line nr="230" mi="0" ci="6" mb="0" cb="0"/><line nr="244" mi="0" ci="4" mb="0" cb="0"/><line nr="245" mi="0" ci="16" mb="0" cb="4"/><line nr="257" mi="0" ci="4" mb="0" cb="0"/><line nr="258" mi="0" ci="7" mb="0" cb="0"/><line nr="270" mi="0" ci="4" mb="0" cb="0"/><line nr="271" mi="0" ci="7" mb="0" cb="0"/><line nr="285" mi="0" ci="4" mb="0" cb="0"/><line nr="286" mi="0" ci="5" mb="0" cb="0"/><line nr="287" mi="0" ci="2" mb="0" cb="2"/><line nr="288" mi="0" ci="10" mb="0" cb="2"/><line nr="290" mi="1" ci="11" mb="1" cb="1"/><line nr="301" mi="0" ci="5" mb="0" cb="0"/><line nr="313" mi="0" ci="4" mb="0" cb="0"/><line nr="314" mi="0" ci="2" mb="1" cb="1"/><line nr="315" mi="0" ci="10" mb="0" cb="2"/><line nr="317" mi="3" ci="0" mb="0" cb="0"/><line nr="318" mi="3" ci="0" mb="0" cb="0"/><line nr="319" mi="10" ci="0" mb="2" cb="0"/><line nr="329" mi="0" ci="4" mb="0" cb="0"/><line nr="330" mi="0" ci="8" mb="0" cb="0"/><line nr="340" mi="0" ci="4" mb="0" cb="0"/><line nr="341" mi="0" ci="6" mb="0" cb="0"/><line nr="351" mi="0" ci="5" mb="0" cb="0"/><line nr="361" mi="0" ci="5" mb="0" cb="0"/><line nr="371" mi="0" ci="5" mb="0" cb="0"/><line nr="381" mi="0" ci="5" mb="0" cb="0"/><line nr="392" mi="0" ci="5" mb="0" cb="0"/><line nr="404" mi="0" ci="4" mb="0" cb="0"/><line nr="405" mi="0" ci="16" mb="0" cb="2"/><line nr="416" mi="1" ci="19" mb="1" cb="1"/><line nr="426" mi="0" ci="4" mb="0" cb="0"/><line nr="437" mi="4" ci="0" mb="0" cb="0"/><line nr="438" mi="3" ci="0" mb="0" cb="0"/><line nr="439" mi="4" ci="0" mb="0" cb="0"/><line nr="440" mi="2" ci="0" mb="0" cb="0"/><line nr="441" mi="3" ci="0" mb="2" cb="0"/><line nr="442" mi="5" ci="0" mb="0" cb="0"/><line nr="443" mi="6" ci="0" mb="4" cb="0"/><line nr="444" mi="7" ci="0" mb="0" cb="0"/><line nr="446" mi="8" ci="0" mb="0" cb="0"/><line nr="447" mi="1" ci="0" mb="0" cb="0"/><line nr="448" mi="2" ci="0" mb="0" cb="0"/><line nr="458" mi="0" ci="5" mb="0" cb="0"/><line nr="468" mi="0" ci="5" mb="0" cb="0"/><line nr="482" mi="0" ci="4" mb="0" cb="0"/><line nr="483" mi="0" ci="2" mb="1" cb="1"/><line nr="484" mi="5" ci="0" mb="0" cb="0"/><line nr="486" mi="0" ci="7" mb="0" cb="0"/><line nr="497" mi="0" ci="8" mb="0" cb="2"/><line nr="509" mi="0" ci="8" mb="0" cb="2"/><line nr="521" mi="0" ci="4" mb="0" cb="0"/><line nr="522" mi="0" ci="4" mb="0" cb="0"/><line nr="523" mi="0" ci="4" mb="1" cb="1"/><line nr="524" mi="2" ci="0" mb="0" cb="0"/><line nr="526" mi="0" ci="18" mb="0" cb="0"/><line nr="536" mi="0" ci="4" mb="0" cb="0"/><line nr="537" mi="0" ci="8" mb="0" cb="2"/><line nr="538" mi="0" ci="5" mb="0" cb="2"/><line nr="539" mi="0" ci="2" mb="0" cb="0"/><line nr="542" mi="0" ci="2" mb="0" cb="0"/><line nr="552" mi="0" ci="4" mb="0" cb="0"/><line nr="553" mi="0" ci="8" mb="0" cb="2"/><line nr="554" mi="0" ci="5" mb="0" cb="2"/><line nr="555" mi="0" ci="2" mb="0" cb="0"/><line nr="558" mi="0" ci="2" mb="0" cb="0"/><line nr="569" mi="0" ci="4" mb="0" cb="0"/><line nr="570" mi="0" ci="4" mb="1" cb="1"/><line nr="571" mi="2" ci="0" mb="0" cb="0"/><line nr="573" mi="0" ci="7" mb="0" cb="0"/><line nr="585" mi="0" ci="4" mb="0" cb="0"/><line nr="586" mi="0" ci="4" mb="0" cb="0"/><line nr="587" mi="0" ci="4" mb="1" cb="1"/><line nr="588" mi="2" ci="0" mb="0" cb="0"/><line nr="590" mi="0" ci="14" mb="0" cb="0"/><line nr="600" mi="0" ci="3" mb="1" cb="1"/><line nr="601" mi="5" ci="0" mb="0" cb="0"/><line nr="603" mi="0" ci="3" mb="0" cb="0"/><line nr="615" mi="0" ci="4" mb="0" cb="0"/><line nr="616" mi="0" ci="7" mb="0" cb="0"/><line nr="629" mi="0" ci="4" mb="0" cb="0"/><line nr="630" mi="0" ci="7" mb="0" cb="0"/><line nr="645" mi="0" ci="4" mb="0" cb="0"/><line nr="646" mi="0" ci="4" mb="0" cb="0"/><line nr="647" mi="0" ci="2" mb="0" cb="2"/><line nr="648" mi="0" ci="5" mb="0" cb="0"/><line nr="650" mi="0" ci="7" mb="0" cb="0"/><line nr="660" mi="0" ci="4" mb="0" cb="0"/><line nr="661" mi="0" ci="5" mb="0" cb="0"/><line nr="671" mi="0" ci="4" mb="0" cb="0"/><line nr="672" mi="0" ci="3" mb="0" cb="0"/><line nr="683" mi="0" ci="4" mb="0" cb="0"/><line nr="694" mi="0" ci="4" mb="0" cb="0"/><line nr="695" mi="0" ci="5" mb="2" cb="2"/><line nr="696" mi="2" ci="0" mb="0" cb="0"/><line nr="698" mi="0" ci="5" mb="0" cb="0"/><line nr="699" mi="0" ci="16" mb="0" cb="2"/><line nr="700" mi="0" ci="4" mb="0" cb="0"/><line nr="702" mi="0" ci="5" mb="0" cb="0"/><line nr="712" mi="0" ci="3" mb="1" cb="1"/><line nr="713" mi="5" ci="0" mb="0" cb="0"/><line nr="715" mi="0" ci="21" mb="1" cb="3"/><line nr="726" mi="0" ci="5" mb="0" cb="0"/><line nr="738" mi="0" ci="4" mb="0" cb="0"/><line nr="739" mi="0" ci="4" mb="0" cb="0"/><line nr="740" mi="0" ci="2" mb="0" cb="2"/><line nr="741" mi="1" ci="10" mb="1" cb="1"/><line nr="743" mi="1" ci="12" mb="1" cb="1"/><line nr="753" mi="0" ci="4" mb="0" cb="0"/><line nr="754" mi="0" ci="5" mb="0" cb="0"/><line nr="765" mi="0" ci="5" mb="0" cb="0"/><line nr="777" mi="0" ci="4" mb="0" cb="0"/><line nr="778" mi="0" ci="4" mb="0" cb="0"/><line nr="779" mi="0" ci="6" mb="1" cb="1"/><line nr="780" mi="1" ci="9" mb="0" cb="0"/><line nr="790" mi="0" ci="4" mb="0" cb="0"/><line nr="791" mi="0" ci="5" mb="0" cb="0"/><line nr="802" mi="0" ci="4" mb="0" cb="0"/><line nr="803" mi="0" ci="12" mb="0" cb="0"/><line nr="817" mi="0" ci="4" mb="0" cb="0"/><line nr="818" mi="0" ci="4" mb="0" cb="0"/><line nr="819" mi="0" ci="2" mb="1" cb="1"/><line nr="820" mi="0" ci="5" mb="0" cb="0"/><line nr="822" mi="7" ci="0" mb="0" cb="0"/><line nr="823" mi="2" ci="0" mb="0" cb="0"/><line nr="833" mi="0" ci="4" mb="0" cb="0"/><line nr="834" mi="0" ci="7" mb="0" cb="0"/><line nr="846" mi="0" ci="4" mb="0" cb="0"/><line nr="847" mi="0" ci="4" mb="1" cb="1"/><line nr="848" mi="2" ci="0" mb="0" cb="0"/><line nr="850" mi="0" ci="14" mb="0" cb="0"/><line nr="860" mi="0" ci="4" mb="0" cb="0"/><line nr="861" mi="0" ci="5" mb="0" cb="0"/><line nr="873" mi="0" ci="4" mb="0" cb="0"/><line nr="874" mi="0" ci="2" mb="1" cb="1"/><line nr="875" mi="2" ci="0" mb="0" cb="0"/><line nr="877" mi="0" ci="4" mb="1" cb="1"/><line nr="878" mi="2" ci="0" mb="0" cb="0"/><line nr="881" mi="0" ci="3" mb="0" cb="0"/><line nr="882" mi="0" ci="5" mb="0" cb="0"/><line nr="883" mi="0" ci="2" mb="0" cb="0"/><line nr="884" mi="0" ci="16" mb="1" cb="1"/><line nr="885" mi="0" ci="12" mb="0" cb="2"/><line nr="886" mi="0" ci="1" mb="0" cb="0"/><line nr="888" mi="0" ci="4" mb="0" cb="0"/><line nr="889" mi="0" ci="1" mb="0" cb="0"/><line nr="892" mi="0" ci="10" mb="0" cb="0"/><line nr="903" mi="0" ci="4" mb="0" cb="0"/><line nr="904" mi="0" ci="4" mb="0" cb="0"/><line nr="914" mi="0" ci="4" mb="0" cb="0"/><line nr="925" mi="0" ci="4" mb="0" cb="0"/><line nr="926" mi="0" ci="4" mb="0" cb="0"/><line nr="939" mi="0" ci="4" mb="0" cb="0"/><line nr="940" mi="0" ci="2" mb="1" cb="1"/><line nr="941" mi="2" ci="0" mb="0" cb="0"/><line nr="943" mi="0" ci="4" mb="1" cb="1"/><line nr="944" mi="2" ci="0" mb="0" cb="0"/><line nr="946" mi="0" ci="15" mb="0" cb="0"/><line nr="956" mi="0" ci="4" mb="0" cb="0"/><line nr="957" mi="0" ci="4" mb="0" cb="0"/><line nr="958" mi="0" ci="13" mb="0" cb="0"/><line nr="968" mi="0" ci="4" mb="0" cb="0"/><line nr="969" mi="0" ci="19" mb="0" cb="0"/><line nr="970" mi="0" ci="7" mb="0" cb="0"/><line nr="980" mi="0" ci="4" mb="0" cb="0"/><line nr="981" mi="0" ci="3" mb="0" cb="0"/><line nr="982" mi="0" ci="4" mb="0" cb="0"/><line nr="983" mi="0" ci="8" mb="0" cb="2"/><line nr="984" mi="0" ci="5" mb="0" cb="0"/><line nr="985" mi="0" ci="4" mb="0" cb="0"/><line nr="986" mi="0" ci="6" mb="0" cb="0"/><line nr="987" mi="0" ci="4" mb="0" cb="0"/><line nr="989" mi="0" ci="6" mb="0" cb="0"/><line nr="1001" mi="0" ci="4" mb="0" cb="0"/><line nr="1002" mi="0" ci="5" mb="0" cb="0"/><line nr="1012" mi="0" ci="4" mb="0" cb="0"/><line nr="1013" mi="0" ci="6" mb="0" cb="0"/><line nr="1014" mi="0" ci="12" mb="0" cb="0"/><line nr="1024" mi="0" ci="4" mb="0" cb="0"/><line nr="1025" mi="0" ci="2" mb="0" cb="0"/><line nr="1026" mi="0" ci="3" mb="0" cb="0"/><line nr="1027" mi="0" ci="10" mb="0" cb="2"/><line nr="1028" mi="0" ci="12" mb="0" cb="2"/><line nr="1029" mi="0" ci="7" mb="0" cb="0"/><line nr="1030" mi="0" ci="1" mb="0" cb="0"/><line nr="1031" mi="0" ci="1" mb="0" cb="0"/><line nr="1032" mi="0" ci="2" mb="0" cb="0"/><line nr="1044" mi="0" ci="4" mb="0" cb="0"/><line nr="1045" mi="0" ci="6" mb="0" cb="0"/><line nr="1046" mi="0" ci="17" mb="0" cb="0"/><line nr="1056" mi="0" ci="5" mb="1" cb="3"/><line nr="1057" mi="0" ci="2" mb="0" cb="0"/><line nr="1059" mi="0" ci="3" mb="0" cb="0"/><line nr="1060" mi="0" ci="10" mb="0" cb="0"/><line nr="1070" mi="0" ci="4" mb="0" cb="0"/><line nr="1071" mi="0" ci="6" mb="0" cb="0"/><line nr="1072" mi="1" ci="17" mb="1" cb="1"/><line nr="1082" mi="1" ci="20" mb="1" cb="1"/><line nr="1093" mi="0" ci="3" mb="0" cb="0"/><line nr="1094" mi="0" ci="4" mb="0" cb="0"/><line nr="1095" mi="0" ci="13" mb="0" cb="0"/><line nr="1105" mi="0" ci="4" mb="0" cb="0"/><line nr="1115" mi="0" ci="4" mb="0" cb="0"/><line nr="1119" mi="0" ci="4" mb="0" cb="0"/><line nr="1120" mi="0" ci="8" mb="0" cb="0"/><line nr="1121" mi="0" ci="7" mb="0" cb="0"/><line nr="1122" mi="0" ci="3" mb="0" cb="0"/><line nr="1126" mi="0" ci="4" mb="0" cb="0"/><line nr="1127" mi="0" ci="17" mb="0" cb="0"/><line nr="1138" mi="0" ci="2" mb="1" cb="1"/><line nr="1139" mi="5" ci="0" mb="0" cb="0"/><line nr="1141" mi="0" ci="2" mb="1" cb="1"/><line nr="1142" mi="5" ci="0" mb="0" cb="0"/><line nr="1144" mi="0" ci="5" mb="0" cb="0"/><line nr="1145" mi="0" ci="16" mb="0" cb="2"/><line nr="1146" mi="0" ci="4" mb="0" cb="0"/><line nr="1148" mi="0" ci="3" mb="0" cb="0"/><line nr="1158" mi="0" ci="2" mb="1" cb="1"/><line nr="1159" mi="5" ci="0" mb="0" cb="0"/><line nr="1161" mi="0" ci="3" mb="0" cb="2"/><line nr="1162" mi="0" ci="2" mb="0" cb="0"/><line nr="1164" mi="0" ci="24" mb="0" cb="0"/><line nr="1174" mi="0" ci="2" mb="1" cb="1"/><line nr="1175" mi="5" ci="0" mb="0" cb="0"/><line nr="1177" mi="0" ci="3" mb="0" cb="2"/><line nr="1178" mi="0" ci="2" mb="0" cb="0"/><line nr="1181" mi="0" ci="23" mb="0" cb="0"/><line nr="1192" mi="0" ci="5" mb="0" cb="0"/><line nr="1204" mi="0" ci="2" mb="1" cb="1"/><line nr="1205" mi="5" ci="0" mb="0" cb="0"/><line nr="1207" mi="0" ci="2" mb="1" cb="1"/><line nr="1208" mi="5" ci="0" mb="0" cb="0"/><line nr="1210" mi="0" ci="2" mb="1" cb="1"/><line nr="1211" mi="5" ci="0" mb="0" cb="0"/><line nr="1213" mi="0" ci="12" mb="1" cb="3"/><line nr="1223" mi="0" ci="2" mb="1" cb="1"/><line nr="1224" mi="5" ci="0" mb="0" cb="0"/><line nr="1226" mi="0" ci="23" mb="0" cb="0"/><line nr="1236" mi="1" ci="13" mb="1" cb="1"/><line nr="1247" mi="1" ci="14" mb="1" cb="1"/><line nr="1248" mi="0" ci="11" mb="0" cb="0"/><line nr="1249" mi="0" ci="5" mb="0" cb="0"/><line nr="1260" mi="1" ci="13" mb="1" cb="1"/><line nr="1271" mi="1" ci="14" mb="1" cb="1"/><line nr="1272" mi="0" ci="11" mb="0" cb="0"/><line nr="1273" mi="0" ci="5" mb="0" cb="0"/><line nr="1284" mi="0" ci="3" mb="1" cb="1"/><line nr="1285" mi="2" ci="0" mb="0" cb="0"/><line nr="1288" mi="0" ci="14" mb="0" cb="0"/><line nr="1298" mi="0" ci="9" mb="0" cb="4"/><line nr="1308" mi="0" ci="5" mb="0" cb="4"/><line nr="1309" mi="0" ci="2" mb="0" cb="0"/><line nr="1312" mi="0" ci="10" mb="0" cb="0"/><line nr="1323" mi="0" ci="3" mb="1" cb="1"/><line nr="1324" mi="2" ci="0" mb="0" cb="0"/><line nr="1326" mi="0" ci="13" mb="0" cb="2"/><line nr="1327" mi="0" ci="3" mb="1" cb="1"/><line nr="1328" mi="2" ci="0" mb="0" cb="0"/><line nr="1330" mi="0" ci="7" mb="0" cb="0"/><line nr="1331" mi="0" ci="4" mb="0" cb="0"/><line nr="1332" mi="0" ci="6" mb="0" cb="0"/><line nr="1333" mi="0" ci="5" mb="0" cb="0"/><line nr="1334" mi="0" ci="3" mb="0" cb="0"/><line nr="1344" mi="0" ci="2" mb="1" cb="1"/><line nr="1345" mi="2" ci="0" mb="0" cb="0"/><line nr="1347" mi="0" ci="4" mb="0" cb="0"/><line nr="1357" mi="0" ci="3" mb="0" cb="0"/><line nr="1367" mi="0" ci="5" mb="0" cb="4"/><line nr="1368" mi="0" ci="2" mb="0" cb="0"/><line nr="1370" mi="0" ci="7" mb="0" cb="0"/><line nr="1380" mi="0" ci="5" mb="1" cb="3"/><line nr="1381" mi="0" ci="2" mb="0" cb="0"/><line nr="1383" mi="0" ci="4" mb="0" cb="0"/><line nr="1384" mi="0" ci="17" mb="0" cb="2"/><line nr="1385" mi="0" ci="3" mb="1" cb="1"/><line nr="1386" mi="6" ci="0" mb="0" cb="0"/><line nr="1388" mi="0" ci="5" mb="0" cb="0"/><line nr="1391" mi="0" ci="3" mb="0" cb="0"/><line nr="1401" mi="3" ci="0" mb="0" cb="0"/><line nr="1402" mi="4" ci="0" mb="0" cb="0"/><line nr="1403" mi="5" ci="0" mb="0" cb="0"/><line nr="1404" mi="2" ci="0" mb="0" cb="0"/><line nr="1405" mi="2" ci="0" mb="0" cb="0"/><line nr="1406" mi="6" ci="0" mb="2" cb="0"/><line nr="1407" mi="4" ci="0" mb="0" cb="0"/><line nr="1408" mi="7" ci="0" mb="4" cb="0"/><line nr="1409" mi="4" ci="0" mb="0" cb="0"/><line nr="1411" mi="4" ci="0" mb="0" cb="0"/><line nr="1412" mi="1" ci="0" mb="0" cb="0"/><line nr="1414" mi="4" ci="0" mb="0" cb="0"/><line nr="1418" mi="0" ci="5" mb="0" cb="4"/><line nr="1419" mi="0" ci="2" mb="0" cb="0"/><line nr="1421" mi="0" ci="2" mb="1" cb="1"/><line nr="1422" mi="7" ci="0" mb="0" cb="0"/><line nr="1424" mi="0" ci="3" mb="0" cb="0"/><line nr="1425" mi="4" ci="10" mb="1" cb="1"/><line nr="1426" mi="0" ci="11" mb="0" cb="0"/><line nr="1427" mi="0" ci="5" mb="0" cb="0"/><line nr="1428" mi="0" ci="16" mb="0" cb="2"/><line nr="1429" mi="0" ci="5" mb="0" cb="0"/><line nr="1440" mi="4" ci="0" mb="0" cb="0"/><line nr="1442" mi="4" ci="0" mb="0" cb="0"/><line nr="1443" mi="14" ci="0" mb="2" cb="0"/><line nr="1444" mi="9" ci="0" mb="0" cb="0"/><line nr="1448" mi="4" ci="0" mb="0" cb="0"/><line nr="1449" mi="5" ci="0" mb="0" cb="0"/><line nr="1453" mi="0" ci="4" mb="0" cb="2"/><line nr="1454" mi="0" ci="7" mb="0" cb="0"/><line nr="1456" mi="0" ci="1" mb="0" cb="0"/><line nr="1459" mi="0" ci="4" mb="0" cb="0"/><line nr="1460" mi="0" ci="3" mb="0" cb="2"/><line nr="1461" mi="0" ci="2" mb="0" cb="0"/><line nr="1464" mi="0" ci="2" mb="0" cb="2"/><line nr="1465" mi="0" ci="6" mb="0" cb="0"/><line nr="1467" mi="0" ci="4" mb="0" cb="0"/><line nr="1469" mi="0" ci="12" mb="0" cb="0"/><line nr="1473" mi="2" ci="7" mb="2" cb="2"/><counter type="INSTRUCTION" missed="277" covered="1772"/><counter type="BRANCH" missed="68" covered="140"/><counter type="LINE" missed="62" covered="296"/><counter type="COMPLEXITY" missed="68" covered="184"/><counter type="METHOD" missed="8" covered="140"/><counter type="CLASS" missed="0" covered="1"/></sourcefile><sourcefile name="StringWrite.java"><line nr="10" mi="0" ci="2" mb="0" cb="0"/><line nr="11" mi="0" ci="5" mb="0" cb="0"/><line nr="12" mi="0" ci="4" mb="0" cb="0"/><line nr="13" mi="0" ci="1" mb="0" cb="0"/><line nr="15" mi="0" ci="2" mb="0" cb="0"/><line nr="16" mi="0" ci="2" mb="1" cb="1"/><line nr="17" mi="5" ci="0" mb="0" cb="0"/><line nr="19" mi="0" ci="6" mb="0" cb="0"/><line nr="20" mi="0" ci="4" mb="0" cb="0"/><line nr="22" mi="0" ci="1" mb="0" cb="0"/><line nr="25" mi="0" ci="6" mb="0" cb="0"/><line nr="26" mi="0" ci="1" mb="0" cb="0"/><line nr="29" mi="0" ci="18" mb="2" cb="8"/><line nr="30" mi="0" ci="2" mb="1" cb="1"/><line nr="31" mi="0" ci="8" mb="0" cb="0"/><line nr="34" mi="0" ci="4" mb="0" cb="0"/><line nr="36" mi="0" ci="1" mb="0" cb="0"/><line nr="39" mi="0" ci="5" mb="0" cb="0"/><line nr="40" mi="0" ci="1" mb="0" cb="0"/><line nr="43" mi="0" ci="9" mb="0" cb="0"/><line nr="44" mi="0" ci="1" mb="0" cb="0"/><line nr="47" mi="0" ci="4" mb="0" cb="0"/><line nr="48" mi="0" ci="2" mb="0" cb="0"/><line nr="52" mi="0" ci="2" mb="0" cb="2"/><line nr="53" mi="0" ci="2" mb="0" cb="0"/><line nr="56" mi="0" ci="7" mb="0" cb="0"/><line nr="60" mi="0" ci="3" mb="0" cb="0"/><line nr="61" mi="0" ci="2" mb="0" cb="0"/><line nr="65" mi="0" ci="4" mb="0" cb="0"/><line nr="69" mi="0" ci="3" mb="0" cb="0"/><line nr="73" mi="0" ci="1" mb="0" cb="0"/><line nr="76" mi="0" ci="1" mb="0" cb="0"/><counter type="INSTRUCTION" missed="5" covered="114"/><counter type="BRANCH" missed="4" covered="12"/><counter type="LINE" missed="1" covered="31"/><counter type="COMPLEXITY" missed="4" covered="17"/><counter type="METHOD" missed="0" covered="13"/><counter type="CLASS" missed="0" covered="1"/></sourcefile><counter type="INSTRUCTION" missed="295" covered="2296"/><counter type="BRANCH" missed="79" covered="205"/><counter type="LINE" missed="65" covered="404"/><counter type="COMPLEXITY" missed="80" covered="240"/><counter type="METHOD" missed="9" covered="169"/><counter type="CLASS" missed="0" covered="4"/></package><counter type="INSTRUCTION" missed="295" covered="2296"/><counter type="BRANCH" missed="79" covered="205"/><counter type="LINE" missed="65" covered="404"/><counter type="COMPLEXITY" missed="80" covered="240"/><counter type="METHOD" missed="9" covered="169"/><counter type="CLASS" missed="0" covered="4"/></report>